0:00 InitGame:
0:01 Kill: 1 2 3: Player1 killed Player2 by MOD_RAILGUN
0:02 Kill: 3 2 5: Player3 killed Player2 by MOD_SHOTGUN
0:03 Kill: 2 1 10: Player2 killed Player1 by MOD_ROCKET
0:04 Kill: 4 1 15: Player4 killed Player1 by MOD_BFG
0:05 Kill: 4 3 20: Player4 killed Player3 by MOD_RAILGUN
0:06 Kill: 5 2 25: Player5 killed Player2 by MOD_SHOTGUN
0:07 Kill: 3 5 30: Player3 killed Player5 by MOD_ROCKET
0:08 Kill: 1 4 35: Player1 killed Player4 by MOD_BFG
0:09 Kill: 5 1 40: Player5 killed Player1 by MOD_RAILGUN
0:10 Kill: 2 3 45: Player2 killed Player3 by MOD_SHOTGUN
0:11 Kill: 4 5 50: Player4 killed Player5 by MOD_ROCKET
0:12 Kill: 3 1 55: Player3 killed Player1 by MOD_BFG
0:13 Kill: 5 4 60: Player5 killed Player4 by MOD_RAILGUN
0:14 Kill: 1 2 65: Player1 killed Player2 by MOD_SHOTGUN
0:15 Kill: 2 3 70: Player2 killed Player3 by MOD_ROCKET
0:16 Kill: 4 5 75: Player4 killed Player5 by MOD_BFG
0:17 Kill: 5 1 80: Player5 killed Player1 by MOD_RAILGUN
0:18 Kill: 3 4 85: Player3 killed Player4 by MOD_SHOTGUN
0:19 Kill: 2 1 90: Player2 killed Player1 by MOD_ROCKET
0:20 Kill: 1 5 95: Player1 killed Player5 by MOD_BFG
0:21 Kill: 4 3 100: Player4 killed Player3 by MOD_RAILGUN
0:22 Kill: 5 2 105: Player5 killed Player2 by MOD_SHOTGUN
0:23 Kill: 3 1 110: Player3 killed Player1 by MOD_ROCKET
0:24 Kill: 1 4 115: Player1 killed Player4 by MOD_BFG
0:25 Kill: 2 5 120: Player2 killed Player5 by MOD_RAILGUN
0:26 Kill: 5 3 125: Player5 killed Player3 by MOD_SHOTGUN
0:27 Kill: 4 2 130: Player4 killed Player2 by MOD_ROCKET
0:28 Kill: 1 5 135: Player1 killed Player5 by MOD_BFG
0:29 Kill: 2 3 140: Player2 killed Player3 by MOD_RAILGUN
0:30 Kill: 3 4 145: Player3 killed Player4 by MOD_SHOTGUN
0:31 Kill: 4 1 150: Player4 killed Player1 by MOD_ROCKET
0:32 Kill: 5 2 155: Player5 killed Player2 by MOD_BFG
0:33 Kill: 1 3 160: Player1 killed Player3 by MOD_RAILGUN
0:34 Kill: 3 5 165: Player3 killed Player5 by MOD_SHOTGUN
0:35 Kill: 4 2 170: Player4 killed Player2 by MOD_ROCKET
0:36 Kill: 2 1 175: Player2 killed Player1 by MOD_BFG
0:37 Kill: 5 4 180: Player5 killed Player4 by MOD_RAILGUN
0:38 Kill: 3 1 185: Player3 killed Player1 by MOD_SHOTGUN
0:39 Kill: 4 5 190: Player4 killed Player5 by MOD_ROCKET
0:40 Kill: 2 3 195: Player2 killed Player3 by MOD_BFG
0:41 Kill: 1 5 200: Player1 killed Player5 by MOD_RAILGUN
0:42 Kill: 3 4 205: Player3 killed Player4 by MOD_SHOTGUN
0:43 Kill: 4 1 210: Player4 killed Player1 by MOD_ROCKET
0:44 Kill: 5 2 215: Player5 killed Player2 by MOD_BFG
0:45 Kill: 1 3 220: Player1 killed Player3 by MOD_RAILGUN
0:46 Kill: 3 5 225: Player3 killed Player5 by MOD_SHOTGUN
0:47 Kill: 4 2 230: Player4 killed Player2 by MOD_ROCKET
0:48 Kill: 2 1 235: Player2 killed Player1 by MOD_BFG
0:49 Kill: 5 4 240: Player5 killed Player4 by MOD_RAILGUN
0:50 Kill: 3 1 245: Player3 killed Player1 by MOD_SHOTGUN
0:51 Kill: 4 5 250: Player4 killed Player5 by MOD_ROCKET
0:52 Kill: 2 3 255: Player2 killed Player3 by MOD_BFG
0:53 Kill: 1 5 260: Player1 killed Player5 by MOD_RAILGUN
0:54 Kill: 3 4 265: Player3 killed Player4 by MOD_SHOTGUN
0:55 Kill: 4 1 270: Player4 killed Player1 by MOD_ROCKET
0:56 Kill: 5 2 275: Player5 killed Player2 by MOD_BFG
0:57 Kill: 1 3 280: Player1 killed Player3 by MOD_RAILGUN
0:58 Kill: 3 5 285: Player3 killed Player5 by MOD_SHOTGUN
0:59 Kill: 4 2 290: Player4 killed Player2 by MOD_ROCKET
1:00 Kill: 2 1 295: Player2 killed Player1 by MOD_BFG
1:01 Kill: 5 4 300: Player5 killed Player4 by MOD_RAILGUN
1:02 Kill: 3 1 305: Player3 killed Player1 by MOD_SHOTGUN
1:03 Kill: 4 5 310: Player4 killed Player5 by MOD_ROCKET
1:04 Kill: 2 3 315: Player2 killed Player3 by MOD_BFG
1:05 Kill: 1 5 320: Player1 killed Player5 by MOD_RAILGUN
1:06 Kill: 3 4 325: Player3 killed Player4 by MOD_SHOTGUN
1:07 Kill: 4 1 330: Player4 killed Player1 by MOD_ROCKET
1:08 Kill: 5 2 335: Player5 killed Player2 by MOD_BFG
1:09 Kill: 1 3 340: Player1 killed Player3 by MOD_RAILGUN
1:10 Kill: 3 5 345: Player3 killed Player5 by MOD_SHOTGUN
1:11 Kill: 4 2 350: Player4 killed Player2 by MOD_ROCKET
1:12 Kill: 2 1 355: Player2 killed Player1 by MOD_BFG
1:13 Kill: 5 4 360: Player5 killed Player4 by MOD_RAILGUN
1:14 Kill: 3 1 365: Player3 killed Player1 by MOD_SHOTGUN
1:15 Kill: 4 5 370: Player4 killed Player5 by MOD_ROCKET
1:16 Kill: 2 3 375: Player2 killed Player3 by MOD_BFG
1:17 Kill: 1 5 380: Player1 killed Player5 by MOD_RAILGUN
1:18 Kill: 3 4 385: Player3 killed Player4 by MOD_SHOTGUN
1:19 Kill: 4 1 390: Player4 killed Player1 by MOD_ROCKET
1:20 Kill: 2 5 395: Player2 killed Player5 by MOD_BFG
1:21 Kill: 5 3 400: Player5 killed Player3 by MOD_RAILGUN
1:22 Kill: 1 2 405: Player1 killed Player2 by MOD_SHOTGUN
1:23 Kill: 2 3 410: Player2 killed Player3 by MOD_ROCKET
1:24 Kill: 4 5 415: Player4 killed Player5 by MOD_BFG
1:25 Kill: 5 1 420: Player5 killed Player1 by MOD_RAILGUN
1:26 Kill: 3 4 425: Player3 killed Player4 by MOD_SHOTGUN
1:27 Kill: 2 1 430: Player2 killed Player1 by MOD_ROCKET
1:28 Kill: 1 5 435: Player1 killed Player5 by MOD_BFG
1:29 Kill: 5 2 440: Player5 killed Player2 by MOD_RAILGUN
1:30 Kill: 3 4 445: Player3 killed Player4 by MOD_SHOTGUN
1:31 Kill: 4 1 450: Player4 killed Player1 by MOD_ROCKET
1:32 Kill: 2 3 455: Player2 killed Player3 by MOD_BFG
1:33 Kill: 1 5 460: Player1 killed Player5 by MOD_RAILGUN
1:34 Kill: 5 4 465: Player5 killed Player4 by
